<?xml version="1.0" encoding="UTF-8"?>
<!-- Generated by org.testng.reporters.JUnitReportReporter -->
<testsuite hostname="Lap-Mleite" failures="0" tests="1" name="app.ValidateNavigationBar" time="0.070" errors="0" timestamp="2020-08-26T14:40:20 BRT" skipped="0">
  <testcase classname="app.ValidateNavigationBar" name="basePageNavigation" time="0.070"/>
  <system-out/>
</testsuite> <!-- app.ValidateNavigationBar -->
