<?xml version="1.0" encoding="UTF-8"?>
<!-- Generated by org.testng.reporters.JUnitReportReporter -->
<testsuite hostname="Lap-Mleite" failures="0" tests="2" name="app.HomePage" time="15.967" errors="0" timestamp="2020-08-26T14:40:20 BRT" skipped="0">
  <testcase classname="app.HomePage" name="basePageNavigation" time="13.231"/>
  <system-out/>
  <testcase classname="app.HomePage" name="basePageNavigation" time="2.736"/>
  <system-out/>
</testsuite> <!-- app.HomePage -->
